<?xml version="1.0" encoding="UTF-8"?>
<!-- Generated by org.testng.reporters.JUnitReportReporter -->
<testsuite hostname="Satishs-MacBook-Air.local" failures="0" tests="4" name="com.mystore.tests.home.search" time="9.741" errors="0" timestamp="2020-05-08T19:56:54 EDT" skipped="0">
  <testcase classname="com.mystore.tests.home.search" name="ResultFound" time="2.687"/>
  <system-out/>
  <testcase classname="com.mystore.tests.home.search" name="ResultFound" time="3.846"/>
  <system-out/>
  <testcase classname="com.mystore.tests.home.search" name="ResultFound" time="1.537"/>
  <system-out/>
  <testcase classname="com.mystore.tests.home.search" name="ResultFound" time="1.671"/>
  <system-out/>
</testsuite> <!-- com.mystore.tests.home.search -->
