<?xml version="1.0" encoding="UTF-8"?>
<!-- Generated by org.testng.reporters.JUnitReportReporter -->
<testsuite hostname="Satishs-MacBook-Air.local" failures="0" tests="11" name="com.mystore.tests.home.DeleteProduct" time="0.479" errors="1" timestamp="2020-04-25T18:55:01 EDT" skipped="0">
  <testcase classname="com.mystore.tests.home.DeleteProduct" name="addproduct" time="0.037"/>
  <system-out/>
  <testcase classname="com.mystore.tests.home.DeleteProduct" name="addproduct" time="0.036"/>
  <system-out/>
  <testcase classname="com.mystore.tests.home.DeleteProduct" name="addproduct" time="0.035"/>
  <system-out/>
  <testcase classname="com.mystore.tests.home.DeleteProduct" name="addproduct" time="0.046"/>
  <system-out/>
  <testcase classname="com.mystore.tests.home.DeleteProduct" name="addproduct" time="0.036"/>
  <system-out/>
  <testcase classname="com.mystore.tests.home.DeleteProduct" name="deleteOneProduct" time="0.000">
    <error message="
Cannot inject @Test annotated Method [deleteOneProduct] with [class java.lang.String].
For more information on native dependency injection please refer to http://testng.org/doc/documentation-main.html#native-dependency-injection" type="org.testng.TestNGException">
      <![CDATA[org.testng.TestNGException: 
Cannot inject @Test annotated Method [deleteOneProduct] with [class java.lang.String].
For more information on native dependency injection please refer to http://testng.org/doc/documentation-main.html#native-dependency-injection
at org.testng.internal.Parameters.checkParameterTypes(Parameters.java:441)
at org.testng.internal.Parameters.createParametersForMethod(Parameters.java:355)
at org.testng.internal.Parameters.createParameters(Parameters.java:712)
at org.testng.internal.Parameters.handleParameters(Parameters.java:879)
at org.testng.internal.Parameters.handleParameters(Parameters.java:744)
at org.testng.internal.ParameterHandler.handleParameters(ParameterHandler.java:59)
at org.testng.internal.ParameterHandler.createParameters(ParameterHandler.java:38)
at org.testng.internal.TestInvoker$MethodInvocationAgent.invoke(TestInvoker.java:783)
at org.testng.internal.TestInvoker.invokeTestMethods(TestInvoker.java:146)
at org.testng.internal.TestMethodWorker.invokeTestMethods(TestMethodWorker.java:146)
at org.testng.internal.TestMethodWorker.run(TestMethodWorker.java:128)
at java.base/java.util.ArrayList.forEach(ArrayList.java:1540)
at org.testng.TestRunner.privateRun(TestRunner.java:766)
at org.testng.TestRunner.run(TestRunner.java:587)
at org.testng.SuiteRunner.runTest(SuiteRunner.java:384)
at org.testng.SuiteRunner.runSequentially(SuiteRunner.java:378)
at org.testng.SuiteRunner.privateRun(SuiteRunner.java:337)
at org.testng.SuiteRunner.run(SuiteRunner.java:286)
at org.testng.SuiteRunnerWorker.runSuite(SuiteRunnerWorker.java:53)
at org.testng.SuiteRunnerWorker.run(SuiteRunnerWorker.java:96)
at org.testng.TestNG.runSuitesSequentially(TestNG.java:1187)
at org.testng.TestNG.runSuitesLocally(TestNG.java:1109)
at org.testng.TestNG.runSuites(TestNG.java:1039)
at org.testng.TestNG.run(TestNG.java:1007)
at org.testng.remote.AbstractRemoteTestNG.run(AbstractRemoteTestNG.java:115)
at org.testng.remote.RemoteTestNG.initAndRun(RemoteTestNG.java:251)
at org.testng.remote.RemoteTestNG.main(RemoteTestNG.java:77)
]]>
    </error>
  </testcase> <!-- deleteOneProduct -->
  <system-out/>
  <testcase classname="com.mystore.tests.home.DeleteProduct" name="addproduct" time="0.036"/>
  <system-out/>
  <testcase classname="com.mystore.tests.home.DeleteProduct" name="addproduct" time="0.035"/>
  <system-out/>
  <testcase classname="com.mystore.tests.home.DeleteProduct" name="addproduct" time="0.036"/>
  <system-out/>
  <testcase classname="com.mystore.tests.home.DeleteProduct" name="addproduct" time="0.037"/>
  <system-out/>
  <testcase classname="com.mystore.tests.home.DeleteProduct" name="addproduct" time="0.145"/>
  <system-out/>
</testsuite> <!-- com.mystore.tests.home.DeleteProduct -->
