<?xml version="1.0" encoding="UTF-8"?>
<!-- Generated by org.testng.reporters.JUnitReportReporter -->
<testsuite hostname="Satishs-MacBook-Air.local" failures="0" tests="1" name="example.NewTest" time="33.824" errors="0" timestamp="2020-04-12T14:33:45 EDT" skipped="0">
  <testcase classname="example.NewTest" name="testEasy" time="33.824"/>
</testsuite> <!-- example.NewTest -->
